<?xml version="1.0" encoding="UTF-8"?>
<!-- Generated by org.testng.reporters.JUnitReportReporter -->
<testsuite skipped="0" hostname="LAPTOP-N9NVIK3B" name="helper.Testcase1" tests="1" failures="0" timestamp="05 Dec 2022 08:34:57 GMT" time="27.992" errors="0">
  <testcase name="login" time="27.992" classname="helper.Testcase1"/>
</testsuite> <!-- helper.Testcase1 -->
