<?xml version="1.0" encoding="UTF-8"?>
<!-- Generated by org.testng.reporters.JUnitReportReporter -->
<testsuite skipped="0" hostname="LAPTOP-N9NVIK3B" name="testNG.Testclass3" tests="3" failures="0" timestamp="14 Dec 2022 15:23:41 GMT" time="0.000" errors="0">
  <testcase name="method10" time="0.000" classname="testNG.Testclass3"/>
  <testcase name="method9" time="0.000" classname="testNG.Testclass3"/>
  <testcase name="method11" time="0.000" classname="testNG.Testclass3"/>
</testsuite> <!-- testNG.Testclass3 -->
