<?xml version="1.0" encoding="UTF-8"?>
<!-- Generated by org.testng.reporters.JUnitReportReporter -->
<testsuite skipped="0" hostname="LAPTOP-N9NVIK3B" name="testNG.Testclass4" tests="3" failures="0" timestamp="14 Dec 2022 14:10:55 GMT" time="0.030" errors="0">
  <testcase name="method9" time="0.002" classname="testNG.Testclass4"/>
  <testcase name="method11" time="0.006" classname="testNG.Testclass4"/>
  <testcase name="method10" time="0.022" classname="testNG.Testclass4"/>
</testsuite> <!-- testNG.Testclass4 -->
