<?xml version="1.0" encoding="UTF-8"?>
<!-- Generated by org.testng.reporters.JUnitReportReporter -->
<testsuite skipped="0" hostname="LAPTOP-N9NVIK3B" name="testNG.Testclass1" tests="4" failures="0" timestamp="16 Dec 2022 11:21:10 GMT" time="0.000" errors="0">
  <testcase name="method3" time="0.000" classname="testNG.Testclass1"/>
  <testcase name="method4" time="0.000" classname="testNG.Testclass1"/>
  <testcase name="method2" time="0.000" classname="testNG.Testclass1"/>
  <testcase name="method1" time="0.000" classname="testNG.Testclass1"/>
</testsuite> <!-- testNG.Testclass1 -->
