<?xml version="1.0" encoding="UTF-8"?>
<!-- Generated by org.testng.reporters.JUnitReportReporter -->
<testsuite skipped="0" hostname="LAPTOP-N9NVIK3B" name="datadriventesting.DataDrivenTest" tests="4" failures="0" timestamp="14 Dec 2022 14:36:34 GMT" time="20.245" errors="0">
  <testcase name="loginTest" time="1.346" classname="datadriventesting.DataDrivenTest"/>
  <testcase name="loginTest" time="1.330" classname="datadriventesting.DataDrivenTest"/>
  <testcase name="loginTest" time="1.266" classname="datadriventesting.DataDrivenTest"/>
  <testcase name="loginTest" time="16.303" classname="datadriventesting.DataDrivenTest"/>
</testsuite> <!-- datadriventesting.DataDrivenTest -->
