<?xml version="1.0" encoding="UTF-8"?>
<!-- Generated by org.testng.reporters.JUnitReportReporter -->
<testsuite skipped="0" hostname="LAPTOP-N9NVIK3B" name="testNG.Testclass2" tests="4" failures="0" timestamp="14 Dec 2022 15:23:41 GMT" time="0.019" errors="0">
  <testcase name="method5" time="0.013" classname="testNG.Testclass2"/>
  <testcase name="method7" time="0.006" classname="testNG.Testclass2"/>
  <testcase name="method8" time="0.000" classname="testNG.Testclass2"/>
  <testcase name="method6" time="0.000" classname="testNG.Testclass2"/>
</testsuite> <!-- testNG.Testclass2 -->
